<?xml version="1.0" encoding="UTF-8"?>
<!-- Generated by org.testng.reporters.JUnitReportReporter -->
<testsuite hostname="DESKTOP-BUD55MU" failures="0" tests="1" name="TestCases.VerifySignUpTestCases" time="32.004" errors="0" timestamp="2022-08-30T20:39:48 IST" skipped="0">
  <testcase classname="TestCases.VerifySignUpTestCases" name="SignUp" time="32.004"/>
  <system-out/>
</testsuite> <!-- TestCases.VerifySignUpTestCases -->
