<?xml version="1.0" encoding="UTF-8"?>
<!-- Generated by org.testng.reporters.JUnitReportReporter -->
<testsuite hostname="DESKTOP-BUD55MU" failures="0" tests="1" name="TestCases.VerifySignUpTestCases" time="14.353" errors="0" timestamp="2022-09-10T15:33:26 IST" skipped="0">
  <testcase classname="TestCases.VerifySignUpTestCases" name="SignUp" time="14.353"/>
  <system-out/>
</testsuite> <!-- TestCases.VerifySignUpTestCases -->
